<?xml version="1.0" encoding="UTF-8"?>
<testsuite xmlns:xsi="http://www.w3.org/2001/XMLSchema-instance" xsi:noNamespaceSchemaLocation="https://maven.apache.org/surefire/maven-surefire-plugin/xsd/surefire-test-report.xsd" name="TestSuite" time="44.073" tests="5" errors="0" skipped="0" failures="0">
  <properties>
    <property name="java.specification.version" value="23"/>
    <property name="sun.jnu.encoding" value="UTF-8"/>
    <property name="java.class.path" value="/Users/shivakumar.mudili/Downloads/OrangeHrm-main/Amzon/target/test-classes:/Users/shivakumar.mudili/Downloads/OrangeHrm-main/Amzon/target/classes:/Users/shivakumar.mudili/.m2/repository/io/appium/java-client/9.3.0/java-client-9.3.0.jar:/Users/shivakumar.mudili/.m2/repository/com/google/code/gson/gson/2.11.0/gson-2.11.0.jar:/Users/shivakumar.mudili/.m2/repository/com/google/errorprone/error_prone_annotations/2.27.0/error_prone_annotations-2.27.0.jar:/Users/shivakumar.mudili/.m2/repository/org/slf4j/slf4j-api/2.0.13/slf4j-api-2.0.13.jar:/Users/shivakumar.mudili/.m2/repository/org/seleniumhq/selenium/selenium-api/4.33.0/selenium-api-4.33.0.jar:/Users/shivakumar.mudili/.m2/repository/org/jspecify/jspecify/1.0.0/jspecify-1.0.0.jar:/Users/shivakumar.mudili/.m2/repository/org/seleniumhq/selenium/selenium-remote-driver/4.33.0/selenium-remote-driver-4.33.0.jar:/Users/shivakumar.mudili/.m2/repository/com/google/auto/service/auto-service-annotations/1.1.1/auto-service-annotations-1.1.1.jar:/Users/shivakumar.mudili/.m2/repository/com/google/guava/guava/33.4.8-jre/guava-33.4.8-jre.jar:/Users/shivakumar.mudili/.m2/repository/com/google/guava/failureaccess/1.0.3/failureaccess-1.0.3.jar:/Users/shivakumar.mudili/.m2/repository/com/google/guava/listenablefuture/9999.0-empty-to-avoid-conflict-with-guava/listenablefuture-9999.0-empty-to-avoid-conflict-with-guava.jar:/Users/shivakumar.mudili/.m2/repository/com/google/j2objc/j2objc-annotations/3.0.0/j2objc-annotations-3.0.0.jar:/Users/shivakumar.mudili/.m2/repository/io/opentelemetry/opentelemetry-api/1.50.0/opentelemetry-api-1.50.0.jar:/Users/shivakumar.mudili/.m2/repository/io/opentelemetry/opentelemetry-context/1.50.0/opentelemetry-context-1.50.0.jar:/Users/shivakumar.mudili/.m2/repository/io/opentelemetry/opentelemetry-exporter-logging/1.50.0/opentelemetry-exporter-logging-1.50.0.jar:/Users/shivakumar.mudili/.m2/repository/io/opentelemetry/opentelemetry-sdk-common/1.50.0/opentelemetry-sdk-common-1.50.0.jar:/Users/shivakumar.mudili/.m2/repository/io/opentelemetry/opentelemetry-sdk-extension-autoconfigure-spi/1.50.0/opentelemetry-sdk-extension-autoconfigure-spi-1.50.0.jar:/Users/shivakumar.mudili/.m2/repository/io/opentelemetry/opentelemetry-sdk-extension-autoconfigure/1.50.0/opentelemetry-sdk-extension-autoconfigure-1.50.0.jar:/Users/shivakumar.mudili/.m2/repository/io/opentelemetry/opentelemetry-sdk-trace/1.50.0/opentelemetry-sdk-trace-1.50.0.jar:/Users/shivakumar.mudili/.m2/repository/io/opentelemetry/opentelemetry-sdk/1.50.0/opentelemetry-sdk-1.50.0.jar:/Users/shivakumar.mudili/.m2/repository/io/opentelemetry/opentelemetry-sdk-metrics/1.50.0/opentelemetry-sdk-metrics-1.50.0.jar:/Users/shivakumar.mudili/.m2/repository/io/opentelemetry/opentelemetry-sdk-logs/1.50.0/opentelemetry-sdk-logs-1.50.0.jar:/Users/shivakumar.mudili/.m2/repository/net/bytebuddy/byte-buddy/1.17.5/byte-buddy-1.17.5.jar:/Users/shivakumar.mudili/.m2/repository/org/seleniumhq/selenium/selenium-json/4.33.0/selenium-json-4.33.0.jar:/Users/shivakumar.mudili/.m2/repository/org/seleniumhq/selenium/selenium-manager/4.33.0/selenium-manager-4.33.0.jar:/Users/shivakumar.mudili/.m2/repository/org/seleniumhq/selenium/selenium-os/4.33.0/selenium-os-4.33.0.jar:/Users/shivakumar.mudili/.m2/repository/org/apache/commons/commons-exec/1.4.0/commons-exec-1.4.0.jar:/Users/shivakumar.mudili/.m2/repository/org/seleniumhq/selenium/selenium-support/4.33.0/selenium-support-4.33.0.jar:/Users/shivakumar.mudili/.m2/repository/org/seleniumhq/selenium/selenium-http/4.33.0/selenium-http-4.33.0.jar:/Users/shivakumar.mudili/.m2/repository/org/seleniumhq/selenium/selenium-safari-driver/4.33.0/selenium-safari-driver-4.33.0.jar:/Users/shivakumar.mudili/.m2/repository/org/testng/testng/7.10.2/testng-7.10.2.jar:/Users/shivakumar.mudili/.m2/repository/com/beust/jcommander/1.82/jcommander-1.82.jar:/Users/shivakumar.mudili/.m2/repository/org/webjars/jquery/3.7.1/jquery-3.7.1.jar:/Users/shivakumar.mudili/.m2/repository/com/relevantcodes/extentreports/2.41.2/extentreports-2.41.2.jar:/Users/shivakumar.mudili/.m2/repository/org/jsoup/jsoup/1.8.3/jsoup-1.8.3.jar:/Users/shivakumar.mudili/.m2/repository/org/xerial/sqlite-jdbc/3.8.11.1/sqlite-jdbc-3.8.11.1.jar:/Users/shivakumar.mudili/.m2/repository/org/freemarker/freemarker/2.3.23/freemarker-2.3.23.jar:/Users/shivakumar.mudili/.m2/repository/org/mongodb/mongodb-driver/3.0.4/mongodb-driver-3.0.4.jar:/Users/shivakumar.mudili/.m2/repository/org/mongodb/bson/3.0.4/bson-3.0.4.jar:/Users/shivakumar.mudili/.m2/repository/org/mongodb/mongodb-driver-core/3.0.4/mongodb-driver-core-3.0.4.jar:/Users/shivakumar.mudili/.m2/repository/org/apache/logging/log4j/log4j-core/2.17.1/log4j-core-2.17.1.jar:/Users/shivakumar.mudili/.m2/repository/org/apache/logging/log4j/log4j-api/2.17.1/log4j-api-2.17.1.jar:/Users/shivakumar.mudili/.m2/repository/commons-io/commons-io/2.11.0/commons-io-2.11.0.jar:/Users/shivakumar.mudili/.m2/repository/net/sourceforge/tess4j/tess4j/4.5.3/tess4j-4.5.3.jar:/Users/shivakumar.mudili/.m2/repository/net/java/dev/jna/jna/5.6.0/jna-5.6.0.jar:/Users/shivakumar.mudili/.m2/repository/com/github/jai-imageio/jai-imageio-core/1.4.0/jai-imageio-core-1.4.0.jar:/Users/shivakumar.mudili/.m2/repository/org/ghost4j/ghost4j/1.0.1/ghost4j-1.0.1.jar:/Users/shivakumar.mudili/.m2/repository/log4j/log4j/1.2.17/log4j-1.2.17.jar:/Users/shivakumar.mudili/.m2/repository/commons-beanutils/commons-beanutils/1.9.2/commons-beanutils-1.9.2.jar:/Users/shivakumar.mudili/.m2/repository/commons-collections/commons-collections/3.2.1/commons-collections-3.2.1.jar:/Users/shivakumar.mudili/.m2/repository/org/apache/xmlgraphics/xmlgraphics-commons/1.4/xmlgraphics-commons-1.4.jar:/Users/shivakumar.mudili/.m2/repository/com/lowagie/itext/2.1.7/itext-2.1.7.jar:/Users/shivakumar.mudili/.m2/repository/org/apache/pdfbox/pdfbox/2.0.21/pdfbox-2.0.21.jar:/Users/shivakumar.mudili/.m2/repository/org/apache/pdfbox/fontbox/2.0.21/fontbox-2.0.21.jar:/Users/shivakumar.mudili/.m2/repository/commons-logging/commons-logging/1.2/commons-logging-1.2.jar:/Users/shivakumar.mudili/.m2/repository/org/apache/pdfbox/pdfbox-tools/2.0.21/pdfbox-tools-2.0.21.jar:/Users/shivakumar.mudili/.m2/repository/org/apache/pdfbox/pdfbox-debugger/2.0.21/pdfbox-debugger-2.0.21.jar:/Users/shivakumar.mudili/.m2/repository/org/apache/pdfbox/jbig2-imageio/3.0.3/jbig2-imageio-3.0.3.jar:/Users/shivakumar.mudili/.m2/repository/net/sourceforge/lept4j/lept4j/1.13.1/lept4j-1.13.1.jar:/Users/shivakumar.mudili/.m2/repository/org/jboss/jboss-vfs/3.2.15.Final/jboss-vfs-3.2.15.Final.jar:/Users/shivakumar.mudili/.m2/repository/org/jboss/logging/jboss-logging/3.1.4.GA/jboss-logging-3.1.4.GA.jar:/Users/shivakumar.mudili/.m2/repository/ch/qos/logback/logback-classic/1.2.3/logback-classic-1.2.3.jar:/Users/shivakumar.mudili/.m2/repository/ch/qos/logback/logback-core/1.2.3/logback-core-1.2.3.jar:/Users/shivakumar.mudili/.m2/repository/org/apache/commons/commons-email/1.5/commons-email-1.5.jar:/Users/shivakumar.mudili/.m2/repository/com/sun/mail/javax.mail/1.5.6/javax.mail-1.5.6.jar:/Users/shivakumar.mudili/.m2/repository/javax/activation/activation/1.1/activation-1.1.jar:"/>
    <property name="java.vm.vendor" value="Homebrew"/>
    <property name="sun.arch.data.model" value="64"/>
    <property name="java.vendor.url" value="https://github.com/Homebrew/homebrew-core/issues"/>
    <property name="os.name" value="Mac OS X"/>
    <property name="java.vm.specification.version" value="23"/>
    <property name="sun.java.launcher" value="SUN_STANDARD"/>
    <property name="user.country" value="IN"/>
    <property name="sun.boot.library.path" value="/opt/homebrew/Cellar/openjdk/23.0.1/libexec/openjdk.jdk/Contents/Home/lib"/>
    <property name="sun.java.command" value="/Users/shivakumar.mudili/Downloads/OrangeHrm-main/Amzon/target/surefire/surefirebooter6565763805578385211.jar /Users/shivakumar.mudili/Downloads/OrangeHrm-main/Amzon/target/surefire 2025-07-30T16-44-34_941-jvmRun1 surefire7200332221797150826tmp surefire_015296069545832202985tmp"/>
    <property name="jdk.debug" value="release"/>
    <property name="surefire.test.class.path" value="/Users/shivakumar.mudili/Downloads/OrangeHrm-main/Amzon/target/test-classes:/Users/shivakumar.mudili/Downloads/OrangeHrm-main/Amzon/target/classes:/Users/shivakumar.mudili/.m2/repository/io/appium/java-client/9.3.0/java-client-9.3.0.jar:/Users/shivakumar.mudili/.m2/repository/com/google/code/gson/gson/2.11.0/gson-2.11.0.jar:/Users/shivakumar.mudili/.m2/repository/com/google/errorprone/error_prone_annotations/2.27.0/error_prone_annotations-2.27.0.jar:/Users/shivakumar.mudili/.m2/repository/org/slf4j/slf4j-api/2.0.13/slf4j-api-2.0.13.jar:/Users/shivakumar.mudili/.m2/repository/org/seleniumhq/selenium/selenium-api/4.33.0/selenium-api-4.33.0.jar:/Users/shivakumar.mudili/.m2/repository/org/jspecify/jspecify/1.0.0/jspecify-1.0.0.jar:/Users/shivakumar.mudili/.m2/repository/org/seleniumhq/selenium/selenium-remote-driver/4.33.0/selenium-remote-driver-4.33.0.jar:/Users/shivakumar.mudili/.m2/repository/com/google/auto/service/auto-service-annotations/1.1.1/auto-service-annotations-1.1.1.jar:/Users/shivakumar.mudili/.m2/repository/com/google/guava/guava/33.4.8-jre/guava-33.4.8-jre.jar:/Users/shivakumar.mudili/.m2/repository/com/google/guava/failureaccess/1.0.3/failureaccess-1.0.3.jar:/Users/shivakumar.mudili/.m2/repository/com/google/guava/listenablefuture/9999.0-empty-to-avoid-conflict-with-guava/listenablefuture-9999.0-empty-to-avoid-conflict-with-guava.jar:/Users/shivakumar.mudili/.m2/repository/com/google/j2objc/j2objc-annotations/3.0.0/j2objc-annotations-3.0.0.jar:/Users/shivakumar.mudili/.m2/repository/io/opentelemetry/opentelemetry-api/1.50.0/opentelemetry-api-1.50.0.jar:/Users/shivakumar.mudili/.m2/repository/io/opentelemetry/opentelemetry-context/1.50.0/opentelemetry-context-1.50.0.jar:/Users/shivakumar.mudili/.m2/repository/io/opentelemetry/opentelemetry-exporter-logging/1.50.0/opentelemetry-exporter-logging-1.50.0.jar:/Users/shivakumar.mudili/.m2/repository/io/opentelemetry/opentelemetry-sdk-common/1.50.0/opentelemetry-sdk-common-1.50.0.jar:/Users/shivakumar.mudili/.m2/repository/io/opentelemetry/opentelemetry-sdk-extension-autoconfigure-spi/1.50.0/opentelemetry-sdk-extension-autoconfigure-spi-1.50.0.jar:/Users/shivakumar.mudili/.m2/repository/io/opentelemetry/opentelemetry-sdk-extension-autoconfigure/1.50.0/opentelemetry-sdk-extension-autoconfigure-1.50.0.jar:/Users/shivakumar.mudili/.m2/repository/io/opentelemetry/opentelemetry-sdk-trace/1.50.0/opentelemetry-sdk-trace-1.50.0.jar:/Users/shivakumar.mudili/.m2/repository/io/opentelemetry/opentelemetry-sdk/1.50.0/opentelemetry-sdk-1.50.0.jar:/Users/shivakumar.mudili/.m2/repository/io/opentelemetry/opentelemetry-sdk-metrics/1.50.0/opentelemetry-sdk-metrics-1.50.0.jar:/Users/shivakumar.mudili/.m2/repository/io/opentelemetry/opentelemetry-sdk-logs/1.50.0/opentelemetry-sdk-logs-1.50.0.jar:/Users/shivakumar.mudili/.m2/repository/net/bytebuddy/byte-buddy/1.17.5/byte-buddy-1.17.5.jar:/Users/shivakumar.mudili/.m2/repository/org/seleniumhq/selenium/selenium-json/4.33.0/selenium-json-4.33.0.jar:/Users/shivakumar.mudili/.m2/repository/org/seleniumhq/selenium/selenium-manager/4.33.0/selenium-manager-4.33.0.jar:/Users/shivakumar.mudili/.m2/repository/org/seleniumhq/selenium/selenium-os/4.33.0/selenium-os-4.33.0.jar:/Users/shivakumar.mudili/.m2/repository/org/apache/commons/commons-exec/1.4.0/commons-exec-1.4.0.jar:/Users/shivakumar.mudili/.m2/repository/org/seleniumhq/selenium/selenium-support/4.33.0/selenium-support-4.33.0.jar:/Users/shivakumar.mudili/.m2/repository/org/seleniumhq/selenium/selenium-http/4.33.0/selenium-http-4.33.0.jar:/Users/shivakumar.mudili/.m2/repository/org/seleniumhq/selenium/selenium-safari-driver/4.33.0/selenium-safari-driver-4.33.0.jar:/Users/shivakumar.mudili/.m2/repository/org/testng/testng/7.10.2/testng-7.10.2.jar:/Users/shivakumar.mudili/.m2/repository/com/beust/jcommander/1.82/jcommander-1.82.jar:/Users/shivakumar.mudili/.m2/repository/org/webjars/jquery/3.7.1/jquery-3.7.1.jar:/Users/shivakumar.mudili/.m2/repository/com/relevantcodes/extentreports/2.41.2/extentreports-2.41.2.jar:/Users/shivakumar.mudili/.m2/repository/org/jsoup/jsoup/1.8.3/jsoup-1.8.3.jar:/Users/shivakumar.mudili/.m2/repository/org/xerial/sqlite-jdbc/3.8.11.1/sqlite-jdbc-3.8.11.1.jar:/Users/shivakumar.mudili/.m2/repository/org/freemarker/freemarker/2.3.23/freemarker-2.3.23.jar:/Users/shivakumar.mudili/.m2/repository/org/mongodb/mongodb-driver/3.0.4/mongodb-driver-3.0.4.jar:/Users/shivakumar.mudili/.m2/repository/org/mongodb/bson/3.0.4/bson-3.0.4.jar:/Users/shivakumar.mudili/.m2/repository/org/mongodb/mongodb-driver-core/3.0.4/mongodb-driver-core-3.0.4.jar:/Users/shivakumar.mudili/.m2/repository/org/apache/logging/log4j/log4j-core/2.17.1/log4j-core-2.17.1.jar:/Users/shivakumar.mudili/.m2/repository/org/apache/logging/log4j/log4j-api/2.17.1/log4j-api-2.17.1.jar:/Users/shivakumar.mudili/.m2/repository/commons-io/commons-io/2.11.0/commons-io-2.11.0.jar:/Users/shivakumar.mudili/.m2/repository/net/sourceforge/tess4j/tess4j/4.5.3/tess4j-4.5.3.jar:/Users/shivakumar.mudili/.m2/repository/net/java/dev/jna/jna/5.6.0/jna-5.6.0.jar:/Users/shivakumar.mudili/.m2/repository/com/github/jai-imageio/jai-imageio-core/1.4.0/jai-imageio-core-1.4.0.jar:/Users/shivakumar.mudili/.m2/repository/org/ghost4j/ghost4j/1.0.1/ghost4j-1.0.1.jar:/Users/shivakumar.mudili/.m2/repository/log4j/log4j/1.2.17/log4j-1.2.17.jar:/Users/shivakumar.mudili/.m2/repository/commons-beanutils/commons-beanutils/1.9.2/commons-beanutils-1.9.2.jar:/Users/shivakumar.mudili/.m2/repository/commons-collections/commons-collections/3.2.1/commons-collections-3.2.1.jar:/Users/shivakumar.mudili/.m2/repository/org/apache/xmlgraphics/xmlgraphics-commons/1.4/xmlgraphics-commons-1.4.jar:/Users/shivakumar.mudili/.m2/repository/com/lowagie/itext/2.1.7/itext-2.1.7.jar:/Users/shivakumar.mudili/.m2/repository/org/apache/pdfbox/pdfbox/2.0.21/pdfbox-2.0.21.jar:/Users/shivakumar.mudili/.m2/repository/org/apache/pdfbox/fontbox/2.0.21/fontbox-2.0.21.jar:/Users/shivakumar.mudili/.m2/repository/commons-logging/commons-logging/1.2/commons-logging-1.2.jar:/Users/shivakumar.mudili/.m2/repository/org/apache/pdfbox/pdfbox-tools/2.0.21/pdfbox-tools-2.0.21.jar:/Users/shivakumar.mudili/.m2/repository/org/apache/pdfbox/pdfbox-debugger/2.0.21/pdfbox-debugger-2.0.21.jar:/Users/shivakumar.mudili/.m2/repository/org/apache/pdfbox/jbig2-imageio/3.0.3/jbig2-imageio-3.0.3.jar:/Users/shivakumar.mudili/.m2/repository/net/sourceforge/lept4j/lept4j/1.13.1/lept4j-1.13.1.jar:/Users/shivakumar.mudili/.m2/repository/org/jboss/jboss-vfs/3.2.15.Final/jboss-vfs-3.2.15.Final.jar:/Users/shivakumar.mudili/.m2/repository/org/jboss/logging/jboss-logging/3.1.4.GA/jboss-logging-3.1.4.GA.jar:/Users/shivakumar.mudili/.m2/repository/ch/qos/logback/logback-classic/1.2.3/logback-classic-1.2.3.jar:/Users/shivakumar.mudili/.m2/repository/ch/qos/logback/logback-core/1.2.3/logback-core-1.2.3.jar:/Users/shivakumar.mudili/.m2/repository/org/apache/commons/commons-email/1.5/commons-email-1.5.jar:/Users/shivakumar.mudili/.m2/repository/com/sun/mail/javax.mail/1.5.6/javax.mail-1.5.6.jar:/Users/shivakumar.mudili/.m2/repository/javax/activation/activation/1.1/activation-1.1.jar:"/>
    <property name="sun.cpu.endian" value="little"/>
    <property name="user.home" value="/Users/shivakumar.mudili"/>
    <property name="user.language" value="en"/>
    <property name="java.specification.vendor" value="Oracle Corporation"/>
    <property name="java.version.date" value="2024-10-15"/>
    <property name="java.home" value="/opt/homebrew/Cellar/openjdk/23.0.1/libexec/openjdk.jdk/Contents/Home"/>
    <property name="file.separator" value="/"/>
    <property name="basedir" value="/Users/shivakumar.mudili/Downloads/OrangeHrm-main/Amzon"/>
    <property name="java.vm.compressedOopsMode" value="Zero based"/>
    <property name="line.separator" value="&#10;"/>
    <property name="java.specification.name" value="Java Platform API Specification"/>
    <property name="java.vm.specification.vendor" value="Oracle Corporation"/>
    <property name="apple.awt.application.name" value="ForkedBooter"/>
    <property name="surefire.real.class.path" value="/Users/shivakumar.mudili/Downloads/OrangeHrm-main/Amzon/target/surefire/surefirebooter6565763805578385211.jar"/>
    <property name="sun.management.compiler" value="HotSpot 64-Bit Tiered Compilers"/>
    <property name="java.runtime.version" value="23.0.1"/>
    <property name="user.name" value="shivakumar.mudili"/>
    <property name="stdout.encoding" value="UTF-8"/>
    <property name="path.separator" value=":"/>
    <property name="os.version" value="14.7.1"/>
    <property name="java.runtime.name" value="OpenJDK Runtime Environment"/>
    <property name="file.encoding" value="UTF-8"/>
    <property name="java.vm.name" value="OpenJDK 64-Bit Server VM"/>
    <property name="java.vendor.version" value="Homebrew"/>
    <property name="localRepository" value="/Users/shivakumar.mudili/.m2/repository"/>
    <property name="java.vendor.url.bug" value="https://github.com/Homebrew/homebrew-core/issues"/>
    <property name="java.io.tmpdir" value="/var/folders/8d/hrh3rvzn4g5449xzwv0820b00000gp/T/"/>
    <property name="java.version" value="23.0.1"/>
    <property name="user.dir" value="/Users/shivakumar.mudili/Downloads/OrangeHrm-main/Amzon"/>
    <property name="os.arch" value="aarch64"/>
    <property name="java.vm.specification.name" value="Java Virtual Machine Specification"/>
    <property name="native.encoding" value="UTF-8"/>
    <property name="java.library.path" value="/Users/shivakumar.mudili/Library/Java/Extensions:/Library/Java/Extensions:/Network/Library/Java/Extensions:/System/Library/Java/Extensions:/usr/lib/java:."/>
    <property name="java.vm.info" value="mixed mode, sharing"/>
    <property name="stderr.encoding" value="UTF-8"/>
    <property name="java.vendor" value="Homebrew"/>
    <property name="java.vm.version" value="23.0.1"/>
    <property name="sun.io.unicode.encoding" value="UnicodeBig"/>
    <property name="java.class.version" value="67.0"/>
  </properties>
  <testcase name="testLaunchApp" classname="testCases.AppLoginCases" time="31.196"/>
  <testcase name="email" classname="testCases.AppLoginCases" time="0.601"/>
  <testcase name="continueButton" classname="testCases.AppLoginCases" time="0.425"/>
  <testcase name="password" classname="testCases.AppLoginCases" time="3.364"/>
  <testcase name="sign" classname="testCases.AppLoginCases" time="0.599"/>
</testsuite>